c:\users\billp\onedrive\υπολογιστής\glp\graphicslab1c\graphicslab1c\graphicslab1c\x64\debug\vc143.idb
c:\users\billp\onedrive\υπολογιστής\glp\graphicslab1c\graphicslab1c\graphicslab1c\x64\debug\vc143.pdb
c:\users\billp\onedrive\υπολογιστής\glp\graphicslab1c\graphicslab1c\x64\debug\graphicslab1c.pdb
c:\users\billp\onedrive\υπολογιστής\glp\graphicslab1c\graphicslab1c\graphicslab1c\x64\debug\graphicslab1c.tlog\cl.command.1.tlog
c:\users\billp\onedrive\υπολογιστής\glp\graphicslab1c\graphicslab1c\graphicslab1c\x64\debug\graphicslab1c.tlog\cl.items.tlog
c:\users\billp\onedrive\υπολογιστής\glp\graphicslab1c\graphicslab1c\graphicslab1c\x64\debug\graphicslab1c.tlog\link-cvtres.read.1.tlog
c:\users\billp\onedrive\υπολογιστής\glp\graphicslab1c\graphicslab1c\graphicslab1c\x64\debug\graphicslab1c.tlog\link-cvtres.write.1.tlog
c:\users\billp\onedrive\υπολογιστής\glp\graphicslab1c\graphicslab1c\graphicslab1c\x64\debug\graphicslab1c.tlog\link-rc.read.1.tlog
c:\users\billp\onedrive\υπολογιστής\glp\graphicslab1c\graphicslab1c\graphicslab1c\x64\debug\graphicslab1c.tlog\link-rc.write.1.tlog
c:\users\billp\onedrive\υπολογιστής\glp\graphicslab1c\graphicslab1c\graphicslab1c\x64\debug\graphicslab1c.tlog\link.15976-cvtres.read.1.tlog
c:\users\billp\onedrive\υπολογιστής\glp\graphicslab1c\graphicslab1c\graphicslab1c\x64\debug\graphicslab1c.tlog\link.15976-cvtres.write.1.tlog
c:\users\billp\onedrive\υπολογιστής\glp\graphicslab1c\graphicslab1c\graphicslab1c\x64\debug\graphicslab1c.tlog\link.15976-rc.read.1.tlog
c:\users\billp\onedrive\υπολογιστής\glp\graphicslab1c\graphicslab1c\graphicslab1c\x64\debug\graphicslab1c.tlog\link.15976-rc.write.1.tlog
c:\users\billp\onedrive\υπολογιστής\glp\graphicslab1c\graphicslab1c\graphicslab1c\x64\debug\graphicslab1c.tlog\link.15976.read.1.tlog
c:\users\billp\onedrive\υπολογιστής\glp\graphicslab1c\graphicslab1c\graphicslab1c\x64\debug\graphicslab1c.tlog\link.15976.read.2.tlog
c:\users\billp\onedrive\υπολογιστής\glp\graphicslab1c\graphicslab1c\graphicslab1c\x64\debug\graphicslab1c.tlog\link.15976.write.1.tlog
c:\users\billp\onedrive\υπολογιστής\glp\graphicslab1c\graphicslab1c\graphicslab1c\x64\debug\graphicslab1c.tlog\link.command.1.tlog
c:\users\billp\onedrive\υπολογιστής\glp\graphicslab1c\graphicslab1c\graphicslab1c\x64\debug\graphicslab1c.tlog\link.read.1.tlog
c:\users\billp\onedrive\υπολογιστής\glp\graphicslab1c\graphicslab1c\graphicslab1c\x64\debug\graphicslab1c.tlog\link.read.2.tlog
c:\users\billp\onedrive\υπολογιστής\glp\graphicslab1c\graphicslab1c\graphicslab1c\x64\debug\graphicslab1c.tlog\link.write.1.tlog
